HyperNova_Phone_Task_06/phone-contract-test/build/intermediates/manifest_merge_blame_file/debug/processDebugMainManifest/manifest-merger-blame-debug-report.txt
1<?xml version="1.0" encoding="utf-8"?>
2<manifest xmlns:android="http://schemas.android.com/apk/res/android"
3    package="com.hypernova.phone.contracttest"
4    android:versionCode="1"
5    android:versionName="1.0" >
6
7    <uses-sdk
7-->INJECTED
8        android:minSdkVersion="35"
8-->INJECTED
9        android:targetSdkVersion="36" />
9-->INJECTED
10
11    <uses-permission android:name="com.hypernova.permission.CONTROL_COCKPIT_APPS" />
11-->src/main/AndroidManifest.xml:4:5-5:72
11-->src/main/AndroidManifest.xml:5:9-69
12
13    <application
13-->src/main/AndroidManifest.xml:7:5-23:19
14        android:allowBackup="false"
14-->src/main/AndroidManifest.xml:8:9-36
15        android:debuggable="true"
16        android:extractNativeLibs="false"
16-->INJECTED
17        android:label="Phone Contract Test"
17-->src/main/AndroidManifest.xml:9:9-44
18        android:theme="@android:style/Theme.Material.Light.NoActionBar" >
18-->src/main/AndroidManifest.xml:10:9-72
19        <activity
19-->src/main/AndroidManifest.xml:12:9-21:20
20            android:name="com.hypernova.phone.contracttest.MainActivity"
20-->src/main/AndroidManifest.xml:13:13-41
21            android:exported="true" >
21-->src/main/AndroidManifest.xml:14:13-36
22            <intent-filter>
22-->src/main/AndroidManifest.xml:16:13-19:29
23                <action android:name="android.intent.action.MAIN" />
23-->src/main/AndroidManifest.xml:17:17-69
23-->src/main/AndroidManifest.xml:17:25-66
24
25                <category android:name="android.intent.category.LAUNCHER" />
25-->src/main/AndroidManifest.xml:18:17-77
25-->src/main/AndroidManifest.xml:18:27-74
26            </intent-filter>
27        </activity>
28    </application>
29
30</manifest>